[debug] [2023-04-05T01:22:15.197Z] ----------------------------------------------------------------------
[debug] [2023-04-05T01:22:15.200Z] Command:       /usr/local/bin/node /usr/local/bin/firebase init
[debug] [2023-04-05T01:22:15.200Z] CLI Version:   11.25.2
[debug] [2023-04-05T01:22:15.201Z] Platform:      linux
[debug] [2023-04-05T01:22:15.201Z] Node Version:  v19.8.1
[debug] [2023-04-05T01:22:15.201Z] Time:          Wed Apr 05 2023 04:22:15 GMT+0300 (Israel Daylight Time)
[debug] [2023-04-05T01:22:15.201Z] ----------------------------------------------------------------------
[debug] 
[debug] [2023-04-05T01:22:15.212Z] > command requires scopes: ["email","openid","https://www.googleapis.com/auth/cloudplatformprojects.readonly","https://www.googleapis.com/auth/firebase","https://www.googleapis.com/auth/cloud-platform"]
[debug] [2023-04-05T01:22:15.213Z] > authorizing via signed-in user (arieltanami122@gmail.com)
[info] 
     ######## #### ########  ######## ########     ###     ######  ########
     ##        ##  ##     ## ##       ##     ##  ##   ##  ##       ##
     ######    ##  ########  ######   ########  #########  ######  ######
     ##        ##  ##    ##  ##       ##     ## ##     ##       ## ##
     ##       #### ##     ## ######## ########  ##     ##  ######  ########

You're about to initialize a Firebase project in this directory:

  /home/ariel/src/react/cra18.2

[info] 
=== Project Setup
[info] 
[info] First, let's associate this project directory with a Firebase project.
[info] You can create multiple project aliases by running firebase use --add, 
[info] but for now we'll just set up a default project.
[info] 
[debug] [2023-04-05T01:22:46.757Z] > refreshing access token with scopes: []
[debug] [2023-04-05T01:22:46.765Z] >>> [apiv2][query] POST https://www.googleapis.com/oauth2/v3/token [none]
[debug] [2023-04-05T01:22:46.765Z] >>> [apiv2][body] POST https://www.googleapis.com/oauth2/v3/token [omitted]
[debug] [2023-04-05T01:22:47.477Z] <<< [apiv2][status] POST https://www.googleapis.com/oauth2/v3/token 200
[debug] [2023-04-05T01:22:47.477Z] <<< [apiv2][body] POST https://www.googleapis.com/oauth2/v3/token [omitted]
[debug] [2023-04-05T01:22:47.488Z] >>> [apiv2][query] GET https://firebase.googleapis.com/v1beta1/projects pageSize=100
[debug] [2023-04-05T01:22:48.525Z] <<< [apiv2][status] GET https://firebase.googleapis.com/v1beta1/projects 200
[debug] [2023-04-05T01:22:48.525Z] <<< [apiv2][body] GET https://firebase.googleapis.com/v1beta1/projects [omitted]
[info] i  Using project meshivat-nafesh (Meshivat-Nafesh) 
[info] 
=== Hosting Setup
[info] 
[info] Your public directory is the folder (relative to your project directory) that
[info] will contain Hosting assets to be uploaded with firebase deploy. If you
[info] have a build process for your assets, use your build's output directory.
[info] 
[debug] [2023-04-05T01:23:58.914Z] >>> [apiv2][query] GET https://www.gstatic.com/firebasejs/releases.json [none]
[debug] [2023-04-05T01:23:59.363Z] <<< [apiv2][status] GET https://www.gstatic.com/firebasejs/releases.json 200
[debug] [2023-04-05T01:23:59.363Z] <<< [apiv2][body] GET https://www.gstatic.com/firebasejs/releases.json {"current":{"version":"9.19.1","browserURL":"https://www.gstatic.com/firebasejs/9.19.1/firebase.js","packageURL":"https://www.gstatic.com/firebasejs/9.19.1/firebase.tgz"},"live":{"version":"9.19","browserURL":"https://www.gstatic.com/firebasejs/live/9.19/firebase.js","packageURL":"https://www.gstatic.com/firebasejs/live/9.19/firebase.tgz"},"components":{"analytics":"https://www.gstatic.com/firebasejs/9.19.1/firebase-analytics.js","app":"https://www.gstatic.com/firebasejs/9.19.1/firebase-app.js","app-check":"https://www.gstatic.com/firebasejs/9.19.1/firebase-app-check.js","auth":"https://www.gstatic.com/firebasejs/9.19.1/firebase-auth.js","auth/cordova":"https://www.gstatic.com/firebasejs/9.19.1/firebase-auth/cordova.js","auth/react-native":"https://www.gstatic.com/firebasejs/9.19.1/firebase-auth/react-native.js","functions":"https://www.gstatic.com/firebasejs/9.19.1/firebase-functions.js","firestore":"https://www.gstatic.com/firebasejs/9.19.1/firebase-firestore.js","firestore/lite":"https://www.gstatic.com/firebasejs/9.19.1/firebase-firestore/lite.js","installations":"https://www.gstatic.com/firebasejs/9.19.1/firebase-installations.js","storage":"https://www.gstatic.com/firebasejs/9.19.1/firebase-storage.js","performance":"https://www.gstatic.com/firebasejs/9.19.1/firebase-performance.js","remote-config":"https://www.gstatic.com/firebasejs/9.19.1/firebase-remote-config.js","messaging":"https://www.gstatic.com/firebasejs/9.19.1/firebase-messaging.js","messaging/sw":"https://www.gstatic.com/firebasejs/9.19.1/firebase-messaging/sw.js","database":"https://www.gstatic.com/firebasejs/9.19.1/firebase-database.js","firestore.memory":"https://www.gstatic.com/firebasejs/9.19.1/firebase-firestore.memory.js"}}
[info] ✔  Wrote build/index.html 
[info] 
[info] i  Didn't detect a .git folder. Assuming /home/ariel/src/react/cra18.2 is the project root. 
[info] i  Authorizing with GitHub to upload your service account to a GitHub repository's secrets store. 
[info] 
[info] Visit this URL on this device to log in:
[info] https://github.com/login/oauth/authorize?client_id=89cf50f02ac6aaed3484&state=319541476&redirect_uri=http%3A%2F%2Flocalhost%3A9005&scope=read%3Auser%20repo%20public_repo
[info] 
[info] Waiting for authentication...
[debug] [2023-04-05T01:37:43.589Z] >>> [apiv2][query] POST https://github.com/login/oauth/access_token [none]
[debug] [2023-04-05T01:37:43.590Z] >>> [apiv2][body] POST https://github.com/login/oauth/access_token [stream]
[debug] [2023-04-05T01:37:44.549Z] <<< [apiv2][status] POST https://github.com/login/oauth/access_token 200
[debug] [2023-04-05T01:37:44.549Z] <<< [apiv2][body] POST https://github.com/login/oauth/access_token {"access_token":"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","token_type":"bearer","scope":"read:user,repo"}
[debug] [2023-04-05T01:37:44.554Z] >>> [apiv2][query] GET https://api.github.com/user [none]
[debug] [2023-04-05T01:37:45.357Z] <<< [apiv2][status] GET https://api.github.com/user 200
[debug] [2023-04-05T01:37:45.358Z] <<< [apiv2][body] GET https://api.github.com/user {"login":"rel-t","id":129915976,"node_id":"U_kgDOB75cSA","avatar_url":"https://avatars.githubusercontent.com/u/129915976?v=4","gravatar_id":"","url":"https://api.github.com/users/rel-t","html_url":"https://github.com/rel-t","followers_url":"https://api.github.com/users/rel-t/followers","following_url":"https://api.github.com/users/rel-t/following{/other_user}","gists_url":"https://api.github.com/users/rel-t/gists{/gist_id}","starred_url":"https://api.github.com/users/rel-t/starred{/owner}{/repo}","subscriptions_url":"https://api.github.com/users/rel-t/subscriptions","organizations_url":"https://api.github.com/users/rel-t/orgs","repos_url":"https://api.github.com/users/rel-t/repos","events_url":"https://api.github.com/users/rel-t/events{/privacy}","received_events_url":"https://api.github.com/users/rel-t/received_events","type":"User","site_admin":false,"name":null,"company":null,"blog":"","location":null,"email":null,"hireable":null,"bio":null,"twitter_username":null,"public_repos":0,"public_gists":0,"followers":0,"following":0,"created_at":"2023-04-05T01:28:45Z","updated_at":"2023-04-05T01:28:45Z","private_gists":0,"total_private_repos":0,"owned_private_repos":0,"disk_usage":0,"collaborators":0,"two_factor_authentication":false,"plan":{"name":"free","space":976562499,"collaborators":0,"private_repos":10000}}
[info] 
[info] ✔  Success! Logged into GitHub as rel-t 
[info] 
